04/22/2023 02:07:27 - INFO - __main__ - Distributed environment: NO
Num processes: 1
Process index: 0
Local process index: 0
Device: cuda
Use FP16 precision: False

04/22/2023 02:07:28 - WARNING - datasets.builder - Using custom data configuration default-5ef07115a2258c6c
04/22/2023 02:07:28 - WARNING - datasets.builder - Reusing dataset csv (/root/.cache/huggingface/datasets/csv/default-5ef07115a2258c6c/0.0.0/2dc6629a9ff6b5697d82c25b73731dd440507a69cbce8b425db50b751e8fcfd0)
04/22/2023 02:07:34 - WARNING - datasets.fingerprint - Parameter 'function'=<function main.<locals>.preprocess_function at 0x7fcc52c2c550> of the transform datasets.arrow_dataset.Dataset._map_single couldn't be hashed properly, a random hash was used instead. Make sure your transforms and parameters are serializable with pickle or dill for the dataset fingerprinting and caching to work. If you reuse this transform, the caching mechanism will consider it to be different from the previous calls and recompute everything. This warning is only showed once. Subsequent hashing failures won't be showed.
04/22/2023 02:07:35 - INFO - __main__ - Sample 11 of the training set: {'attention_mask': [1, 1, 1, 1, 1, 1, 1, 1, 1, 1, 1, 1, 1, 1, 1, 0, 0, 0, 0, 0, 0, 0, 0, 0, 0, 0, 0, 0, 0, 0, 0, 0, 0, 0, 0, 0, 0, 0, 0, 0, 0, 0, 0, 0, 0, 0, 0, 0, 0, 0, 0, 0, 0, 0, 0, 0, 0, 0, 0, 0, 0, 0, 0, 0, 0, 0, 0, 0, 0, 0, 0, 0, 0, 0, 0, 0, 0, 0, 0, 0, 0, 0, 0, 0, 0, 0, 0, 0, 0, 0, 0, 0, 0, 0, 0, 0, 0, 0, 0, 0, 0, 0, 0, 0, 0, 0, 0, 0, 0, 0, 0, 0, 0, 0, 0, 0, 0, 0, 0, 0, 0, 0, 0, 0, 0, 0, 0, 0], 'input_ids': [0, 100, 14216, 10, 205, 34998, 31, 42, 14397, 4, 85, 21, 50264, 4, 2, 1, 1, 1, 1, 1, 1, 1, 1, 1, 1, 1, 1, 1, 1, 1, 1, 1, 1, 1, 1, 1, 1, 1, 1, 1, 1, 1, 1, 1, 1, 1, 1, 1, 1, 1, 1, 1, 1, 1, 1, 1, 1, 1, 1, 1, 1, 1, 1, 1, 1, 1, 1, 1, 1, 1, 1, 1, 1, 1, 1, 1, 1, 1, 1, 1, 1, 1, 1, 1, 1, 1, 1, 1, 1, 1, 1, 1, 1, 1, 1, 1, 1, 1, 1, 1, 1, 1, 1, 1, 1, 1, 1, 1, 1, 1, 1, 1, 1, 1, 1, 1, 1, 1, 1, 1, 1, 1, 1, 1, 1, 1, 1, 1], 'labels': 0, 'mask_pos': [12]}.
04/22/2023 02:07:40 - INFO - __main__ - ***** Running training *****
04/22/2023 02:07:40 - INFO - __main__ -   Num examples = 32
04/22/2023 02:07:40 - INFO - __main__ -   Num Epochs = 250
04/22/2023 02:07:40 - INFO - __main__ -   Instantaneous batch size per device = 8
04/22/2023 02:07:40 - INFO - __main__ -   Total train batch size (w. parallel, distributed & accumulation) = 8
04/22/2023 02:07:40 - INFO - __main__ -   Gradient Accumulation steps = 1
04/22/2023 02:07:40 - INFO - __main__ -   Total optimization steps = 1000
04/22/2023 02:07:46 - INFO - __main__ - step 10: loss: -0.37084347009658813
04/22/2023 02:07:53 - INFO - __main__ - step 20: loss: -0.3195745050907135
04/22/2023 02:07:59 - INFO - __main__ - step 30: loss: -0.8638767004013062
04/22/2023 02:08:05 - INFO - __main__ - step 40: loss: -0.5187338590621948
04/22/2023 02:08:11 - INFO - __main__ - step 50: loss: -0.8661147952079773
04/22/2023 02:08:18 - INFO - __main__ - step 60: loss: -0.6924630999565125
04/22/2023 02:08:24 - INFO - __main__ - step 70: loss: -0.5191493630409241
04/22/2023 02:08:30 - INFO - __main__ - step 80: loss: -1.0385288000106812
04/22/2023 02:08:37 - INFO - __main__ - step 90: loss: -0.8660125136375427
04/22/2023 02:08:43 - INFO - __main__ - step 100: loss: -0.09340736269950867
04/22/2023 02:08:44 - INFO - /usr/local/lib/python3.9/dist-packages/datasets/metric.py - Removing /root/.cache/huggingface/metrics/glue/cola/default_experiment-1-0.arrow
04/22/2023 02:08:44 - INFO - __main__ - step 100: {'matthews_correlation': -0.08606629658238704}
04/22/2023 02:08:56 - INFO - __main__ - step 110: loss: -0.5195883512496948
04/22/2023 02:09:03 - INFO - __main__ - step 120: loss: -0.5192924737930298
04/22/2023 02:09:09 - INFO - __main__ - step 130: loss: -0.8659908175468445
04/22/2023 02:09:16 - INFO - __main__ - step 140: loss: -0.8661628365516663
04/22/2023 02:09:23 - INFO - __main__ - step 150: loss: -1.0394424200057983
04/22/2023 02:09:30 - INFO - __main__ - step 160: loss: -0.5195280313491821
04/22/2023 02:09:36 - INFO - __main__ - step 170: loss: -0.8662803769111633
04/22/2023 02:09:43 - INFO - __main__ - step 180: loss: -0.34625399112701416
04/22/2023 02:09:50 - INFO - __main__ - step 190: loss: -1.0393925905227661
04/22/2023 02:09:56 - INFO - __main__ - step 200: loss: -0.34634894132614136
04/22/2023 02:09:57 - INFO - /usr/local/lib/python3.9/dist-packages/datasets/metric.py - Removing /root/.cache/huggingface/metrics/glue/cola/default_experiment-1-0.arrow
04/22/2023 02:09:57 - INFO - __main__ - step 200: {'matthews_correlation': -0.07559289460184544}
04/22/2023 02:10:10 - INFO - __main__ - step 210: loss: -0.34630104899406433
04/22/2023 02:10:16 - INFO - __main__ - step 220: loss: -0.5196650624275208
04/22/2023 02:10:23 - INFO - __main__ - step 230: loss: -1.0395196676254272
04/22/2023 02:10:29 - INFO - __main__ - step 240: loss: -0.3461835980415344
04/22/2023 02:10:36 - INFO - __main__ - step 250: loss: -0.6928974986076355
04/22/2023 02:10:43 - INFO - __main__ - step 260: loss: -0.5197403430938721
04/22/2023 02:10:49 - INFO - __main__ - step 270: loss: -0.6928740739822388
04/22/2023 02:10:56 - INFO - __main__ - step 280: loss: -0.866023063659668
04/22/2023 02:11:03 - INFO - __main__ - step 290: loss: -0.6929750442504883
04/22/2023 02:11:09 - INFO - __main__ - step 300: loss: -0.6928668022155762
04/22/2023 02:11:10 - INFO - /usr/local/lib/python3.9/dist-packages/datasets/metric.py - Removing /root/.cache/huggingface/metrics/glue/cola/default_experiment-1-0.arrow
04/22/2023 02:11:10 - INFO - __main__ - step 300: {'matthews_correlation': -0.07559289460184544}
04/22/2023 02:11:17 - INFO - __main__ - step 310: loss: -1.0396565198898315
04/22/2023 02:11:23 - INFO - __main__ - step 320: loss: -0.5197249054908752
04/22/2023 02:11:30 - INFO - __main__ - step 330: loss: -0.5197233557701111
04/22/2023 02:11:37 - INFO - __main__ - step 340: loss: -0.8663842082023621
04/22/2023 02:11:43 - INFO - __main__ - step 350: loss: -0.8663175106048584
04/22/2023 02:11:50 - INFO - __main__ - step 360: loss: -0.5197126865386963
04/22/2023 02:11:56 - INFO - __main__ - step 370: loss: -0.5197792649269104
04/22/2023 02:12:03 - INFO - __main__ - step 380: loss: -0.6929365992546082
04/22/2023 02:12:10 - INFO - __main__ - step 390: loss: -1.0396498441696167
04/22/2023 02:12:16 - INFO - __main__ - step 400: loss: -0.5198140144348145
04/22/2023 02:12:17 - INFO - /usr/local/lib/python3.9/dist-packages/datasets/metric.py - Removing /root/.cache/huggingface/metrics/glue/cola/default_experiment-1-0.arrow
04/22/2023 02:12:17 - INFO - __main__ - step 400: {'matthews_correlation': -0.07559289460184544}
04/22/2023 02:12:24 - INFO - __main__ - step 410: loss: -1.0396714210510254
04/22/2023 02:12:30 - INFO - __main__ - step 420: loss: -0.6929593086242676
04/22/2023 02:12:37 - INFO - __main__ - step 430: loss: -0.5197416543960571
04/22/2023 02:12:44 - INFO - __main__ - step 440: loss: -0.5196123123168945
04/22/2023 02:12:50 - INFO - __main__ - step 450: loss: -0.6930921077728271
04/22/2023 02:12:57 - INFO - __main__ - step 460: loss: -0.693036675453186
04/22/2023 02:13:04 - INFO - __main__ - step 470: loss: -0.6930573582649231
04/22/2023 02:13:10 - INFO - __main__ - step 480: loss: -1.0396885871887207
04/22/2023 02:13:17 - INFO - __main__ - step 490: loss: -0.6930433511734009
04/22/2023 02:13:23 - INFO - __main__ - step 500: loss: -0.8661710023880005
04/22/2023 02:13:24 - INFO - /usr/local/lib/python3.9/dist-packages/datasets/metric.py - Removing /root/.cache/huggingface/metrics/glue/cola/default_experiment-1-0.arrow
04/22/2023 02:13:24 - INFO - __main__ - step 500: {'matthews_correlation': -0.07559289460184544}
04/22/2023 02:13:31 - INFO - __main__ - step 510: loss: -0.6930915713310242
04/22/2023 02:13:37 - INFO - __main__ - step 520: loss: -0.8663933277130127
04/22/2023 02:13:44 - INFO - __main__ - step 530: loss: -0.6930968165397644
04/22/2023 02:13:51 - INFO - __main__ - step 540: loss: -0.519730806350708
04/22/2023 02:13:57 - INFO - __main__ - step 550: loss: -1.0396692752838135
04/22/2023 02:14:04 - INFO - __main__ - step 560: loss: -0.6931007504463196
04/22/2023 02:14:10 - INFO - __main__ - step 570: loss: -0.8663595914840698
04/22/2023 02:14:17 - INFO - __main__ - step 580: loss: -0.693072497844696
04/22/2023 02:14:24 - INFO - __main__ - step 590: loss: -0.8663809895515442
04/22/2023 02:14:30 - INFO - __main__ - step 600: loss: -0.866406261920929
04/22/2023 02:14:31 - INFO - /usr/local/lib/python3.9/dist-packages/datasets/metric.py - Removing /root/.cache/huggingface/metrics/glue/cola/default_experiment-1-0.arrow
04/22/2023 02:14:31 - INFO - __main__ - step 600: {'matthews_correlation': -0.07559289460184544}
04/22/2023 02:14:38 - INFO - __main__ - step 610: loss: -0.6931180953979492
04/22/2023 02:14:44 - INFO - __main__ - step 620: loss: -0.5198037028312683
04/22/2023 02:14:51 - INFO - __main__ - step 630: loss: -0.34650591015815735
04/22/2023 02:14:58 - INFO - __main__ - step 640: loss: -0.5198172330856323
04/22/2023 02:15:04 - INFO - __main__ - step 650: loss: -0.5197972655296326
04/22/2023 02:15:11 - INFO - __main__ - step 660: loss: -0.5198011994361877
04/22/2023 02:15:17 - INFO - __main__ - step 670: loss: -0.8663888573646545
04/22/2023 02:15:24 - INFO - __main__ - step 680: loss: -1.2129672765731812
04/22/2023 02:15:31 - INFO - __main__ - step 690: loss: -1.0395373106002808
04/22/2023 02:15:37 - INFO - __main__ - step 700: loss: -0.17309248447418213
04/22/2023 02:15:38 - INFO - /usr/local/lib/python3.9/dist-packages/datasets/metric.py - Removing /root/.cache/huggingface/metrics/glue/cola/default_experiment-1-0.arrow
04/22/2023 02:15:38 - INFO - __main__ - step 700: {'matthews_correlation': -0.07559289460184544}
04/22/2023 02:15:45 - INFO - __main__ - step 710: loss: -0.34648898243904114
04/22/2023 02:15:51 - INFO - __main__ - step 720: loss: -0.51981520652771
04/22/2023 02:15:58 - INFO - __main__ - step 730: loss: -0.8664106130599976
04/22/2023 02:16:05 - INFO - __main__ - step 740: loss: -0.6930952668190002
04/22/2023 02:16:11 - INFO - __main__ - step 750: loss: -0.8664044737815857
04/22/2023 02:16:18 - INFO - __main__ - step 760: loss: -0.5198145508766174
04/22/2023 02:16:24 - INFO - __main__ - step 770: loss: -0.346474826335907
04/22/2023 02:16:31 - INFO - __main__ - step 780: loss: -0.6930544972419739
04/22/2023 02:16:38 - INFO - __main__ - step 790: loss: -0.6931009292602539
04/22/2023 02:16:44 - INFO - __main__ - step 800: loss: -0.5197649598121643
04/22/2023 02:16:45 - INFO - /usr/local/lib/python3.9/dist-packages/datasets/metric.py - Removing /root/.cache/huggingface/metrics/glue/cola/default_experiment-1-0.arrow
04/22/2023 02:16:45 - INFO - __main__ - step 800: {'matthews_correlation': -0.07559289460184544}
04/22/2023 02:16:52 - INFO - __main__ - step 810: loss: -1.0396784543991089
04/22/2023 02:16:58 - INFO - __main__ - step 820: loss: -0.6931138634681702
04/22/2023 02:17:05 - INFO - __main__ - step 830: loss: -0.3465166985988617
04/22/2023 02:17:11 - INFO - __main__ - step 840: loss: -0.519812285900116
04/22/2023 02:17:18 - INFO - __main__ - step 850: loss: -0.34647461771965027
04/22/2023 02:17:25 - INFO - __main__ - step 860: loss: -0.6931120753288269
04/22/2023 02:17:31 - INFO - __main__ - step 870: loss: -0.8663861751556396
04/22/2023 02:17:38 - INFO - __main__ - step 880: loss: -0.6931068301200867
04/22/2023 02:17:45 - INFO - __main__ - step 890: loss: -0.5198144316673279
04/22/2023 02:17:51 - INFO - __main__ - step 900: loss: -0.8664065003395081
04/22/2023 02:17:52 - INFO - /usr/local/lib/python3.9/dist-packages/datasets/metric.py - Removing /root/.cache/huggingface/metrics/glue/cola/default_experiment-1-0.arrow
04/22/2023 02:17:52 - INFO - __main__ - step 900: {'matthews_correlation': -0.07559289460184544}
04/22/2023 02:17:59 - INFO - __main__ - step 910: loss: -0.5198127031326294
04/22/2023 02:18:05 - INFO - __main__ - step 920: loss: -1.2129935026168823
04/22/2023 02:18:12 - INFO - __main__ - step 930: loss: -0.866400957107544
04/22/2023 02:18:18 - INFO - __main__ - step 940: loss: -0.5198026895523071
04/22/2023 02:18:25 - INFO - __main__ - step 950: loss: -0.34638339281082153
04/22/2023 02:18:32 - INFO - __main__ - step 960: loss: -0.6931081414222717
04/22/2023 02:18:38 - INFO - __main__ - step 970: loss: -0.8663914799690247
04/22/2023 02:18:45 - INFO - __main__ - step 980: loss: -0.6931162476539612
04/22/2023 02:18:52 - INFO - __main__ - step 990: loss: -0.6931032538414001
04/22/2023 02:18:58 - INFO - __main__ - step 1000: loss: -1.212982416152954
04/22/2023 02:18:59 - INFO - /usr/local/lib/python3.9/dist-packages/datasets/metric.py - Removing /root/.cache/huggingface/metrics/glue/cola/default_experiment-1-0.arrow
04/22/2023 02:18:59 - INFO - __main__ - step 1000: {'matthews_correlation': -0.07559289460184544}
04/22/2023 02:18:59 - INFO - __main__ - early stop at step 200, metric: -0.07559289460184544
04/22/2023 02:19:28 - INFO - /usr/local/lib/python3.9/dist-packages/datasets/metric.py - Removing /root/.cache/huggingface/metrics/glue/cola/default_experiment-1-0.arrow
04/22/2023 02:19:28 - INFO - __main__ - test: {'matthews_correlation': -0.02019888550151172}
