04/24/2023 04:58:07 - INFO - __main__ - Distributed environment: NO
Num processes: 1
Process index: 0
Local process index: 0
Device: cuda
Use FP16 precision: False

04/24/2023 04:58:07 - WARNING - datasets.builder - Using custom data configuration default-61acf789fa518ba9
04/24/2023 04:58:29 - WARNING - datasets.fingerprint - Parameter 'function'=<function main.<locals>.preprocess_function at 0x7ffa6c4031f0> of the transform datasets.arrow_dataset.Dataset._map_single couldn't be hashed properly, a random hash was used instead. Make sure your transforms and parameters are serializable with pickle or dill for the dataset fingerprinting and caching to work. If you reuse this transform, the caching mechanism will consider it to be different from the previous calls and recompute everything. This warning is only showed once. Subsequent hashing failures won't be showed.
04/24/2023 04:58:30 - INFO - __main__ - Sample 11 of the training set: {'attention_mask': [1, 1, 1, 1, 1, 1, 1, 1, 1, 1, 1, 1, 1, 1, 1, 1, 1, 1, 1, 1, 1, 1, 1, 1, 1, 1, 1, 1, 1, 1, 1, 1, 1, 1, 1, 1, 1, 1, 1, 1, 1, 1, 1, 1, 1, 1, 1, 1, 1, 1, 1, 1, 1, 1, 1, 1, 1, 1, 1, 1, 0, 0, 0, 0, 0, 0, 0, 0, 0, 0, 0, 0, 0, 0, 0, 0, 0, 0, 0, 0, 0, 0, 0, 0, 0, 0, 0, 0, 0, 0, 0, 0, 0, 0, 0, 0, 0, 0, 0, 0, 0, 0, 0, 0, 0, 0, 0, 0, 0, 0, 0, 0, 0, 0, 0, 0, 0, 0, 0, 0, 0, 0, 0, 0, 0, 0, 0, 0], 'input_ids': [0, 113, 133, 1816, 1224, 62, 80, 360, 423, 23, 10, 9742, 1400, 484, 1947, 409, 2156, 17548, 53, 1522, 2156, 8, 1147, 483, 249, 7, 69, 1697, 28600, 368, 39058, 50264, 6, 5, 2237, 376, 722, 71, 5, 1816, 1224, 62, 23, 10, 9742, 1400, 484, 1947, 409, 8, 1147, 483, 249, 7, 69, 1697, 28600, 368, 479, 2, 1, 1, 1, 1, 1, 1, 1, 1, 1, 1, 1, 1, 1, 1, 1, 1, 1, 1, 1, 1, 1, 1, 1, 1, 1, 1, 1, 1, 1, 1, 1, 1, 1, 1, 1, 1, 1, 1, 1, 1, 1, 1, 1, 1, 1, 1, 1, 1, 1, 1, 1, 1, 1, 1, 1, 1, 1, 1, 1, 1, 1, 1, 1, 1, 1, 1, 1, 1], 'labels': 1, 'mask_pos': [31]}.
04/24/2023 04:58:44 - INFO - __main__ - ***** Running training *****
04/24/2023 04:58:44 - INFO - __main__ -   Num examples = 32
04/24/2023 04:58:44 - INFO - __main__ -   Num Epochs = 250
04/24/2023 04:58:44 - INFO - __main__ -   Instantaneous batch size per device = 8
04/24/2023 04:58:44 - INFO - __main__ -   Total train batch size (w. parallel, distributed & accumulation) = 8
04/24/2023 04:58:44 - INFO - __main__ -   Gradient Accumulation steps = 1
04/24/2023 04:58:44 - INFO - __main__ -   Total optimization steps = 1000
04/24/2023 04:58:46 - INFO - __main__ - step 10: loss: 3.799798378167907e-07
04/24/2023 04:58:47 - INFO - __main__ - step 20: loss: 9.685756907629184e-08
04/24/2023 04:58:49 - INFO - __main__ - step 30: loss: 2.5331999609079503e-07
04/24/2023 04:58:51 - INFO - __main__ - step 40: loss: 5.66245319078007e-07
04/24/2023 04:58:53 - INFO - __main__ - step 50: loss: 1.0430814256778831e-07
04/24/2023 04:58:54 - INFO - __main__ - step 60: loss: 2.2351743567128324e-08
04/24/2023 04:58:56 - INFO - __main__ - step 70: loss: 3.9488139691457036e-07
04/24/2023 04:58:58 - INFO - __main__ - step 80: loss: 1.1920931797249068e-07
04/24/2023 04:58:59 - INFO - __main__ - step 90: loss: 8.195640077701682e-08
04/24/2023 04:59:01 - INFO - __main__ - step 100: loss: 2.533199676690856e-07
04/24/2023 04:59:01 - INFO - /usr/local/lib/python3.9/dist-packages/datasets/metric.py - Removing /root/.cache/huggingface/metrics/glue/mrpc/default_experiment-1-0.arrow
04/24/2023 04:59:01 - INFO - __main__ - step 100: {'accuracy': 0.59375, 'f1': 0.38095238095238093}
04/24/2023 04:59:07 - INFO - __main__ - step 110: loss: 2.9802322387695312e-08
04/24/2023 04:59:09 - INFO - __main__ - step 120: loss: 0.0
04/24/2023 04:59:11 - INFO - __main__ - step 130: loss: 1.2665992699112394e-07
04/24/2023 04:59:13 - INFO - __main__ - step 140: loss: 2.2351743567128324e-08
04/24/2023 04:59:14 - INFO - __main__ - step 150: loss: 3.725290653733282e-08
04/24/2023 04:59:16 - INFO - __main__ - step 160: loss: 1.1920981251023477e-06
04/24/2023 04:59:18 - INFO - __main__ - step 170: loss: 5.21541437592532e-07
04/24/2023 04:59:20 - INFO - __main__ - step 180: loss: 5.289921318762936e-07
04/24/2023 04:59:21 - INFO - __main__ - step 190: loss: 2.2351743567128324e-08
04/24/2023 04:59:23 - INFO - __main__ - step 200: loss: 1.4901166878189542e-07
04/24/2023 04:59:23 - INFO - /usr/local/lib/python3.9/dist-packages/datasets/metric.py - Removing /root/.cache/huggingface/metrics/glue/mrpc/default_experiment-1-0.arrow
04/24/2023 04:59:23 - INFO - __main__ - step 200: {'accuracy': 0.5625, 'f1': 0.3}
04/24/2023 04:59:25 - INFO - __main__ - step 210: loss: 3.203752498848189e-07
04/24/2023 04:59:27 - INFO - __main__ - step 220: loss: 1.1175872316471214e-07
04/24/2023 04:59:28 - INFO - __main__ - step 230: loss: 0.0
04/24/2023 04:59:30 - INFO - __main__ - step 240: loss: 2.980232594040899e-08
04/24/2023 04:59:32 - INFO - __main__ - step 250: loss: 5.960465188081798e-08
04/24/2023 04:59:34 - INFO - __main__ - step 260: loss: 5.960465898624534e-08
04/24/2023 04:59:35 - INFO - __main__ - step 270: loss: 1.4901162970204496e-08
04/24/2023 04:59:37 - INFO - __main__ - step 280: loss: 2.980232594040899e-08
04/24/2023 04:59:39 - INFO - __main__ - step 290: loss: 1.4901162970204496e-08
04/24/2023 04:59:40 - INFO - __main__ - step 300: loss: 0.0
04/24/2023 04:59:41 - INFO - /usr/local/lib/python3.9/dist-packages/datasets/metric.py - Removing /root/.cache/huggingface/metrics/glue/mrpc/default_experiment-1-0.arrow
04/24/2023 04:59:41 - INFO - __main__ - step 300: {'accuracy': 0.53125, 'f1': 0.21052631578947367}
04/24/2023 04:59:42 - INFO - __main__ - step 310: loss: 4.4703490686970326e-08
04/24/2023 04:59:44 - INFO - __main__ - step 320: loss: 0.0
04/24/2023 04:59:46 - INFO - __main__ - step 330: loss: 0.0
04/24/2023 04:59:48 - INFO - __main__ - step 340: loss: 1.4901162970204496e-08
04/24/2023 04:59:49 - INFO - __main__ - step 350: loss: 1.4901162970204496e-08
04/24/2023 04:59:51 - INFO - __main__ - step 360: loss: 1.4901162970204496e-08
04/24/2023 04:59:53 - INFO - __main__ - step 370: loss: 7.450580596923828e-09
04/24/2023 04:59:54 - INFO - __main__ - step 380: loss: 1.937152518394214e-07
04/24/2023 04:59:56 - INFO - __main__ - step 390: loss: 0.0
04/24/2023 04:59:58 - INFO - __main__ - step 400: loss: 1.788140622238643e-07
04/24/2023 04:59:58 - INFO - /usr/local/lib/python3.9/dist-packages/datasets/metric.py - Removing /root/.cache/huggingface/metrics/glue/mrpc/default_experiment-1-0.arrow
04/24/2023 04:59:58 - INFO - __main__ - step 400: {'accuracy': 0.5, 'f1': 0.1111111111111111}
04/24/2023 05:00:00 - INFO - __main__ - step 410: loss: 5.960464477539063e-08
04/24/2023 05:00:02 - INFO - __main__ - step 420: loss: 1.4901162970204496e-08
04/24/2023 05:00:03 - INFO - __main__ - step 430: loss: 7.450582728552035e-08
04/24/2023 05:00:05 - INFO - __main__ - step 440: loss: 2.5331999609079503e-07
04/24/2023 05:00:07 - INFO - __main__ - step 450: loss: 1.4901162970204496e-08
04/24/2023 05:00:08 - INFO - __main__ - step 460: loss: 4.4703490686970326e-08
04/24/2023 05:00:10 - INFO - __main__ - step 470: loss: 4.4703490686970326e-08
04/24/2023 05:00:12 - INFO - __main__ - step 480: loss: 0.0
04/24/2023 05:00:14 - INFO - __main__ - step 490: loss: 7.450580596923828e-09
04/24/2023 05:00:15 - INFO - __main__ - step 500: loss: 0.0
04/24/2023 05:00:16 - INFO - /usr/local/lib/python3.9/dist-packages/datasets/metric.py - Removing /root/.cache/huggingface/metrics/glue/mrpc/default_experiment-1-0.arrow
04/24/2023 05:00:16 - INFO - __main__ - step 500: {'accuracy': 0.46875, 'f1': 0.0}
04/24/2023 05:00:17 - INFO - __main__ - step 510: loss: 1.4901162970204496e-08
04/24/2023 05:00:19 - INFO - __main__ - step 520: loss: 2.9802322387695312e-08
04/24/2023 05:00:21 - INFO - __main__ - step 530: loss: 0.0
04/24/2023 05:00:22 - INFO - __main__ - step 540: loss: 7.450580596923828e-09
04/24/2023 05:00:24 - INFO - __main__ - step 550: loss: 1.4901162970204496e-08
04/24/2023 05:00:26 - INFO - __main__ - step 560: loss: 0.0
04/24/2023 05:00:28 - INFO - __main__ - step 570: loss: 5.960465898624534e-08
04/24/2023 05:00:29 - INFO - __main__ - step 580: loss: 0.0
04/24/2023 05:00:31 - INFO - __main__ - step 590: loss: 2.5331999609079503e-07
04/24/2023 05:00:33 - INFO - __main__ - step 600: loss: 0.0
04/24/2023 05:00:33 - INFO - /usr/local/lib/python3.9/dist-packages/datasets/metric.py - Removing /root/.cache/huggingface/metrics/glue/mrpc/default_experiment-1-0.arrow
04/24/2023 05:00:33 - INFO - __main__ - step 600: {'accuracy': 0.46875, 'f1': 0.0}
04/24/2023 05:00:35 - INFO - __main__ - step 610: loss: 0.0
04/24/2023 05:00:37 - INFO - __main__ - step 620: loss: 0.0
04/24/2023 05:00:38 - INFO - __main__ - step 630: loss: 0.0
04/24/2023 05:00:40 - INFO - __main__ - step 640: loss: 0.0
04/24/2023 05:00:42 - INFO - __main__ - step 650: loss: 0.0
04/24/2023 05:00:43 - INFO - __main__ - step 660: loss: 4.470352905627806e-07
04/24/2023 05:00:45 - INFO - __main__ - step 670: loss: 0.0
04/24/2023 05:00:47 - INFO - __main__ - step 680: loss: 7.078070893840049e-07
04/24/2023 05:00:49 - INFO - __main__ - step 690: loss: 1.4901162970204496e-08
04/24/2023 05:00:50 - INFO - __main__ - step 700: loss: 0.0
04/24/2023 05:00:51 - INFO - /usr/local/lib/python3.9/dist-packages/datasets/metric.py - Removing /root/.cache/huggingface/metrics/glue/mrpc/default_experiment-1-0.arrow
04/24/2023 05:00:51 - INFO - __main__ - step 700: {'accuracy': 0.46875, 'f1': 0.0}
04/24/2023 05:00:52 - INFO - __main__ - step 710: loss: 9.68575761817192e-08
04/24/2023 05:00:54 - INFO - __main__ - step 720: loss: 4.470348713425665e-08
04/24/2023 05:00:56 - INFO - __main__ - step 730: loss: 0.0
04/24/2023 05:00:57 - INFO - __main__ - step 740: loss: 0.0
04/24/2023 05:00:59 - INFO - __main__ - step 750: loss: 5.215416649662075e-07
04/24/2023 05:01:01 - INFO - __main__ - step 760: loss: 4.4703490686970326e-08
04/24/2023 05:01:03 - INFO - __main__ - step 770: loss: 9.685758328714655e-08
04/24/2023 05:01:04 - INFO - __main__ - step 780: loss: 2.980232594040899e-08
04/24/2023 05:01:06 - INFO - __main__ - step 790: loss: 1.9371522341771197e-07
04/24/2023 05:01:08 - INFO - __main__ - step 800: loss: 4.0233192066807533e-07
04/24/2023 05:01:08 - INFO - /usr/local/lib/python3.9/dist-packages/datasets/metric.py - Removing /root/.cache/huggingface/metrics/glue/mrpc/default_experiment-1-0.arrow
04/24/2023 05:01:08 - INFO - __main__ - step 800: {'accuracy': 0.5, 'f1': 0.0}
04/24/2023 05:01:10 - INFO - __main__ - step 810: loss: 0.0
04/24/2023 05:01:12 - INFO - __main__ - step 820: loss: 1.4901162970204496e-08
04/24/2023 05:01:13 - INFO - __main__ - step 830: loss: 1.4901162970204496e-08
04/24/2023 05:01:15 - INFO - __main__ - step 840: loss: 2.6645352591003757e-15
04/24/2023 05:01:17 - INFO - __main__ - step 850: loss: 0.0
04/24/2023 05:01:18 - INFO - __main__ - step 860: loss: 2.980232594040899e-08
04/24/2023 05:01:20 - INFO - __main__ - step 870: loss: 8.195639367158947e-08
04/24/2023 05:01:22 - INFO - __main__ - step 880: loss: 1.4901162970204496e-08
04/24/2023 05:01:24 - INFO - __main__ - step 890: loss: 2.384187780535285e-07
04/24/2023 05:01:25 - INFO - __main__ - step 900: loss: 1.0430854899823316e-06
04/24/2023 05:01:26 - INFO - /usr/local/lib/python3.9/dist-packages/datasets/metric.py - Removing /root/.cache/huggingface/metrics/glue/mrpc/default_experiment-1-0.arrow
04/24/2023 05:01:26 - INFO - __main__ - step 900: {'accuracy': 0.5, 'f1': 0.0}
04/24/2023 05:01:27 - INFO - __main__ - step 910: loss: 5.2154071283894154e-08
04/24/2023 05:01:29 - INFO - __main__ - step 920: loss: 0.0
04/24/2023 05:01:31 - INFO - __main__ - step 930: loss: 0.0
04/24/2023 05:01:32 - INFO - __main__ - step 940: loss: 9.68575761817192e-08
04/24/2023 05:01:34 - INFO - __main__ - step 950: loss: 0.0
04/24/2023 05:01:36 - INFO - __main__ - step 960: loss: 1.4901169720360485e-07
04/24/2023 05:01:38 - INFO - __main__ - step 970: loss: 3.725290653733282e-08
04/24/2023 05:01:39 - INFO - __main__ - step 980: loss: 1.4901162970204496e-08
04/24/2023 05:01:41 - INFO - __main__ - step 990: loss: 0.0
04/24/2023 05:01:43 - INFO - __main__ - step 1000: loss: 8.940700269022273e-08
04/24/2023 05:01:43 - INFO - /usr/local/lib/python3.9/dist-packages/datasets/metric.py - Removing /root/.cache/huggingface/metrics/glue/mrpc/default_experiment-1-0.arrow
04/24/2023 05:01:43 - INFO - __main__ - step 1000: {'accuracy': 0.5, 'f1': 0.0}
04/24/2023 05:01:43 - INFO - __main__ - early stop at step 100, metric: 0.38095238095238093
04/24/2023 05:01:51 - INFO - /usr/local/lib/python3.9/dist-packages/datasets/metric.py - Removing /root/.cache/huggingface/metrics/glue/mrpc/default_experiment-1-0.arrow
04/24/2023 05:01:51 - INFO - __main__ - test: {'accuracy': 0.4215686274509804, 'f1': 0.3756613756613757}
